#
# A fatal error has been detected by the Java Runtime Environment:
#
#  SIGBUS (0x7) at pc=0x00007f3e9047cfb4, pid=74685, tid=0x00000000000123c0
#
# JRE version: OpenJDK Runtime Environment (8.0_112) (build 1.8.0_112-google-v7-165109754-164986162)
# Java VM: OpenJDK 64-Bit Server VM (25.112-b01 mixed mode linux-amd64 compressed oops)
# Problematic frame:
# C  [libzip.so+0x13fb4]  newEntry.isra.4+0x64

# ------------------------------------------------------------ 
# HOW TO FIX THIS: Crashes in libzip.so usually happen because 
# an in-use JAR or ZIP file has moved or been overwritten during 
# execution.  PLEASE ENSURE THAT THIS DID NOT HAPPEN BEFORE 
# FILING A BUG.
#
# See http://b/issue?id=2026874 for more information.
# ------------------------------------------------------------ 

#
# Failed to write core dump. Core dumps have been disabled. To enable core dumping, try "ulimit -c unlimited" before starting Java again
#
# If you would like to submit a bug report, please visit:
#   http://b.corp.google.com/createIssue?component=32554
# The crash happened outside the Java Virtual Machine in native code.
# See problematic frame for where to report the bug.
#

---------------  T H R E A D  ---------------

Current thread (0x00007f3e8c00a800):  JavaThread "main" [_thread_in_native, id=74688, stack(0x00007f3e904f5000,0x00007f3e905f6000)]

siginfo: si_signo: 7 (SIGBUS), si_code: 2 (BUS_ADRERR), si_addr: 0x00007f3e84082a4f

Registers:
RAX=0x00007f3e8c240220, RBX=0x00007f3e8c170528, RCX=0x00007f3e8c240220, RDX=0x0000000000000000
RSP=0x00007f3e905f20a0, RBP=0x00007f3e905f2110, RSI=0x000000000000006e, RDI=0x000000000000005b
R8 =0x00000000000000ef, R9 =0x00000000b5e14c46, R10=0x0000000000000051, R11=0x00007f3e8c171320
R12=0x00007f3e8c170360, R13=0x00007f3e84082a30, R14=0x00007f3e8c240220, R15=0x00007f3e84082a30
RIP=0x00007f3e9047cfb4, EFLAGS=0x0000000000010206, CSGSFS=0x0000000000000033, ERR=0x0000000000000004, CR2=0x00007f3e84082a4f
TRAPNO=0x000000000000000e

Top of Stack: (sp=0x00007f3e905f20a0)
0x00007f3e905f20a0:   0000000500646e48 000000050068cf70
0x00007f3e905f20b0:   0000000000000068 0000000000000000
0x00007f3e905f20c0:   0000000300000000 0000000500646e48
0x00007f3e905f20d0:   00007f3e905f20d0 00007f3e9099310c
0x00007f3e905f20e0:   00007f3e8c1702e0 0000000000000031
0x00007f3e905f20f0:   00007f3e8c170520 00000000b5e14c46
0x00007f3e905f2100:   00007f3e905f2190 00007f3e8c170360
0x00007f3e905f2110:   00007f3e905f2170 00007f3e9047da48
0x00007f3e905f2120:   00007f3e905f2190 00007f3e905f21c2
0x00007f3e905f2130:   0000000000000031 0000003f0100a800
0x00007f3e905f2140:   00007f3e905f2200 0000000000000031
0x00007f3e905f2150:   00007f3e8c00a9f8 00007f3e55ec4898
0x00007f3e905f2160:   00007f3e905f2668 00007f3e8c170360
0x00007f3e905f2170:   00007f3e905f25d0 00007f3e9046c90e
0x00007f3e905f2180:   00000001905f2330 00007f3e905f2190
0x00007f3e905f2190:   6c746e612f67726f 6e75722f34762f72
0x00007f3e905f21a0:   6e74612f656d6974 6843726578654c2f
0x00007f3e905f21b0:   7463416c656e6e61 73616c632e6e6f69
0x00007f3e905f21c0:   00007f3e00000073 0000000c00000038
0x00007f3e905f21d0:   00007f3e86013000 00007f3e905f2338
0x00007f3e905f21e0:   00007f3e8c00a800 00007f3e905f2240
0x00007f3e905f21f0:   00007f3e00000001 00007f3e905f2330
0x00007f3e905f2200:   00007f3e8c00a800 00007f3e8c008e80
0x00007f3e905f2210:   00007f3e8c008ec0 00007f3e8c008f40
0x00007f3e905f2220:   00007f3e8c008fa8 00000000000000d8
0x00007f3e905f2230:   00007f3e905f2a70 0000000700000000
0x00007f3e905f2240:   00007f3e8c00a800 00007f3e8c157820
0x00007f3e905f2250:   00007f3e55cbb458 00000003e034e0d0
0x00007f3e905f2260:   00007f3e905f2680 00007f3e86018373
0x00007f3e905f2270:   00007f3e905f26d0 00007f3e905f2330
0x00007f3e905f2280:   00007f3e905f22f0 0000000700000000
0x00007f3e905f2290:   00007f3e00000000 00007f3e55cbb458 

Instructions: (pc=0x00007f3e9047cfb4)
0x00007f3e9047cf94:   00 00 48 c7 40 28 00 00 00 00 0f 84 ac 02 00 00
0x00007f3e9047cfa4:   4c 8b 3b 4d 2b 7c 24 28 4d 03 7c 24 18 4d 89 fd
0x00007f3e9047cfb4:   41 0f b6 45 1f 45 0f b6 5d 1e 41 0f b6 5d 1d 45
0x00007f3e9047cfc4:   0f b6 7d 1c c1 e0 08 44 09 d8 c1 e3 08 89 44 24 

Register to memory mapping:

RAX=0x00007f3e8c240220 is an unknown value
RBX=0x00007f3e8c170528 is an unknown value
RCX=0x00007f3e8c240220 is an unknown value
RDX=0x0000000000000000 is an unknown value
RSP=0x00007f3e905f20a0 is pointing into the stack for thread: 0x00007f3e8c00a800
RBP=0x00007f3e905f2110 is pointing into the stack for thread: 0x00007f3e8c00a800
RSI=0x000000000000006e is an unknown value
RDI=0x000000000000005b is an unknown value
R8 =0x00000000000000ef is an unknown value
R9 =0x00000000b5e14c46 is an unknown value
R10=0x0000000000000051 is an unknown value
R11=0x00007f3e8c171320 is an unknown value
R12=0x00007f3e8c170360 is an unknown value
R13=0x00007f3e84082a30 is an unknown value
R14=0x00007f3e8c240220 is an unknown value
R15=0x00007f3e84082a30 is an unknown value


Stack: [0x00007f3e904f5000,0x00007f3e905f6000],  sp=0x00007f3e905f20a0,  free space=1012k
Native frames: (J=compiled Java code, j=interpreted, Vv=VM code, C=native code)
C  [libzip.so+0x13fb4]  newEntry.isra.4+0x64
C  [libzip.so+0x14a48]  ZIP_GetEntry2+0x108
C  [libzip.so+0x390e]  Java_java_util_zip_ZipFile_getEntry+0xde
j  java.util.zip.ZipFile.getEntry(J[BZ)J+0
j  java.util.zip.ZipFile.getEntry(Ljava/lang/String;)Ljava/util/zip/ZipEntry;+38
j  java.util.jar.JarFile.getEntry(Ljava/lang/String;)Ljava/util/zip/ZipEntry;+2
j  java.util.jar.JarFile.getJarEntry(Ljava/lang/String;)Ljava/util/jar/JarEntry;+2
j  sun.misc.URLClassPath$JarLoader.getResource(Ljava/lang/String;Z)Lsun/misc/Resource;+42
j  sun.misc.URLClassPath.getResource(Ljava/lang/String;Z)Lsun/misc/Resource;+61
j  java.net.URLClassLoader$1.run()Ljava/lang/Class;+26
j  java.net.URLClassLoader$1.run()Ljava/lang/Object;+1
v  ~StubRoutines::call_stub
V  [libjvm.so+0x30e63f]  JavaCalls::call_helper(JavaValue*, methodHandle*, JavaCallArguments*, Thread*)+0x5ef
V  [libjvm.so+0x33315e]  JVM_DoPrivileged+0x44e
j  java.security.AccessController.doPrivileged(Ljava/security/PrivilegedExceptionAction;Ljava/security/AccessControlContext;)Ljava/lang/Object;+0
j  java.net.URLClassLoader.findClass(Ljava/lang/String;)Ljava/lang/Class;+13
j  java.lang.ClassLoader.loadClass(Ljava/lang/String;Z)Ljava/lang/Class;+70
j  sun.misc.Launcher$AppClassLoader.loadClass(Ljava/lang/String;Z)Ljava/lang/Class;+81
j  java.lang.ClassLoader.loadClass(Ljava/lang/String;)Ljava/lang/Class;+3
v  ~StubRoutines::call_stub
V  [libjvm.so+0x30e63f]  JavaCalls::call_helper(JavaValue*, methodHandle*, JavaCallArguments*, Thread*)+0x5ef
V  [libjvm.so+0x71fb0a]  JavaCalls::call_virtual(JavaValue*, KlassHandle, Symbol*, Symbol*, JavaCallArguments*, Thread*)+0x14a
V  [libjvm.so+0x71fc11]  JavaCalls::call_virtual(JavaValue*, Handle, KlassHandle, Symbol*, Symbol*, Handle, Thread*)+0x61
V  [libjvm.so+0x41ee25]  SystemDictionary::resolve_or_null(Symbol*, Handle, Handle, Thread*)+0x3f5
V  [libjvm.so+0x421bd8]  SystemDictionary::resolve_or_fail(Symbol*, Handle, Handle, bool, Thread*)+0x28
V  [libjvm.so+0x2a4f80]  ConstantPool::klass_at_impl(constantPoolHandle, int, Thread*)+0x120
V  [libjvm.so+0x306f91]  InterpreterRuntime::_new(JavaThread*, ConstantPool*, int)+0x91
j  org.antlr.v4.runtime.atn.ATNDeserializer.lexerActionFactory(Lorg/antlr/v4/runtime/atn/LexerActionType;II)Lorg/antlr/v4/runtime/atn/LexerAction;+56
J 108 C2 org.antlr.v4.runtime.atn.ATNDeserializer.deserialize([C)Lorg/antlr/v4/runtime/atn/ATN; (2592 bytes) @ 0x00007f3e86157018 [0x00007f3e86151240+0x5dd8]
j  CPP14Lexer.<clinit>()V+2886
v  ~StubRoutines::call_stub
V  [libjvm.so+0x30e63f]  JavaCalls::call_helper(JavaValue*, methodHandle*, JavaCallArguments*, Thread*)+0x5ef
V  [libjvm.so+0x2febc1]  InstanceKlass::initialize(Thread*)+0xa91
V  [libjvm.so+0x307059]  InterpreterRuntime::_new(JavaThread*, ConstantPool*, int)+0x159
j  SourceCodeLexerBenchmark.createCpp14Lexer(Ljava/lang/String;)LCPP14Lexer;+0
j  SourceCodeLexerBenchmark.main([Ljava/lang/String;)V+113
v  ~StubRoutines::call_stub
V  [libjvm.so+0x30e63f]  JavaCalls::call_helper(JavaValue*, methodHandle*, JavaCallArguments*, Thread*)+0x5ef
V  [libjvm.so+0x7339c2]  jni_invoke_static(JNIEnv_*, JavaValue*, _jobject*, JNICallType, _jmethodID*, JNI_ArgumentPusher*, Thread*) [clone .isra.62]+0x1d2
V  [libjvm.so+0x733e1c]  jni_CallStaticVoidMethod+0x14c
C  [libjli.so+0x9107]  JavaMain+0x9c7
C  [libpthread.so.0+0x74e8]  start_thread+0xc8
C  [libc.so.6+0x3722d]  clone+0x6d

Java frames: (J=compiled Java code, j=interpreted, Vv=VM code)
j  java.util.zip.ZipFile.getEntry(J[BZ)J+0
j  java.util.zip.ZipFile.getEntry(Ljava/lang/String;)Ljava/util/zip/ZipEntry;+38
j  java.util.jar.JarFile.getEntry(Ljava/lang/String;)Ljava/util/zip/ZipEntry;+2
j  java.util.jar.JarFile.getJarEntry(Ljava/lang/String;)Ljava/util/jar/JarEntry;+2
j  sun.misc.URLClassPath$JarLoader.getResource(Ljava/lang/String;Z)Lsun/misc/Resource;+42
j  sun.misc.URLClassPath.getResource(Ljava/lang/String;Z)Lsun/misc/Resource;+61
j  java.net.URLClassLoader$1.run()Ljava/lang/Class;+26
j  java.net.URLClassLoader$1.run()Ljava/lang/Object;+1
v  ~StubRoutines::call_stub
j  java.security.AccessController.doPrivileged(Ljava/security/PrivilegedExceptionAction;Ljava/security/AccessControlContext;)Ljava/lang/Object;+0
j  java.net.URLClassLoader.findClass(Ljava/lang/String;)Ljava/lang/Class;+13
j  java.lang.ClassLoader.loadClass(Ljava/lang/String;Z)Ljava/lang/Class;+70
j  sun.misc.Launcher$AppClassLoader.loadClass(Ljava/lang/String;Z)Ljava/lang/Class;+81
j  java.lang.ClassLoader.loadClass(Ljava/lang/String;)Ljava/lang/Class;+3
v  ~StubRoutines::call_stub
j  org.antlr.v4.runtime.atn.ATNDeserializer.lexerActionFactory(Lorg/antlr/v4/runtime/atn/LexerActionType;II)Lorg/antlr/v4/runtime/atn/LexerAction;+56
J 108 C2 org.antlr.v4.runtime.atn.ATNDeserializer.deserialize([C)Lorg/antlr/v4/runtime/atn/ATN; (2592 bytes) @ 0x00007f3e86157018 [0x00007f3e86151240+0x5dd8]
j  CPP14Lexer.<clinit>()V+2886
v  ~StubRoutines::call_stub
j  SourceCodeLexerBenchmark.createCpp14Lexer(Ljava/lang/String;)LCPP14Lexer;+0
j  SourceCodeLexerBenchmark.main([Ljava/lang/String;)V+113
v  ~StubRoutines::call_stub

---------------  P R O C E S S  ---------------

Java Threads: ( => current thread )
  0x00007f3e8c1aa800 JavaThread "Service Thread" daemon [_thread_blocked, id=74718, stack(0x00007f3e548a5000,0x00007f3e549a6080)]
  0x00007f3e8c19e000 JavaThread "C2 CompilerThread1" daemon [_thread_blocked, id=74717, stack(0x00007f3e549a7000,0x00007f3e54aa8080)]
  0x00007f3e8c19c000 JavaThread "C2 CompilerThread0" daemon [_thread_blocked, id=74716, stack(0x00007f3e54c29000,0x00007f3e54d2a080)]
  0x00007f3e8c1a0800 JavaThread "Monitor Ctrl-Break" daemon [_thread_in_native, id=74715, stack(0x00007f3e54d2b000,0x00007f3e54e2c080)]
  0x00007f3e8c153000 JavaThread "Signal Dispatcher" daemon [_thread_blocked, id=74714, stack(0x00007f3e54e2d000,0x00007f3e54f2e080)]
  0x00007f3e8c151000 JavaThread "Surrogate Locker Thread (Concurrent GC)" daemon [_thread_blocked, id=74713, stack(0x00007f3e54f2f000,0x00007f3e55030080)]
  0x00007f3e8c10a000 JavaThread "Finalizer" daemon [_thread_blocked, id=74711, stack(0x00007f3e551dd000,0x00007f3e552de080)]
  0x00007f3e8c105000 JavaThread "Reference Handler" daemon [_thread_blocked, id=74710, stack(0x00007f3e552df000,0x00007f3e553e0080)]
=>0x00007f3e8c00a800 JavaThread "main" [_thread_in_native, id=74688, stack(0x00007f3e904f5000,0x00007f3e905f6000)]

Other Threads:
  0x00007f3e8c0fd800 VMThread [stack: 0x00007f3e553e1000,0x00007f3e554e2080] [id=74703]
  0x00007f3e8c1ad000 WatcherThread [stack: 0x00007f3e547a3000,0x00007f3e548a4080] [id=74719]

VM state:not at safepoint (normal execution)

VM Mutex/Monitor currently owned by a thread: None

Heap:
 par new generation   total 309056K, used 225464K [0x00000003d2e00000, 0x00000003e3a50000, 0x00000004dee00000)  [0x00000004dee00000, 0x00000004e0f80000, 0x0000000500600000)  [0x0000000500600000, 0x0000000502780000, 0x0000000521e00000) 
  eden space 274752K,  81% used [0x00000003d2e00000, 0x00000003e07ea520, 0x00000003e3a50000)
  from space 34304K,   6% used [0x0000000500600000, 0x0000000500843d50, 0x0000000502780000)
  to   space 34304K,   0% used [0x00000004dee00000, 0x00000004dee00000, 0x00000004e0f80000)
 concurrent mark-sweep generation total 686784K, used 460874K [0x0000000521e00000, 0x000000054bcb0000, 0x00000007c0000000)
 Metaspace       used 4315K, capacity 5216K, committed 5504K, reserved 1056768K
  data space     used 3842K, capacity 4688K, committed 4864K, reserved 8192K
  class space    used 473K, capacity 528K, committed 640K, reserved 1048576K

Card table byte_map: [0x00007f3e6e096000,0x00007f3e70000000] byte_map_base: 0x00007f3e6c1ff000

Marking Bits: (CMSBitMap*) 0x00007f3e8c07ba08
 Bits: [0x00007f3e5d877000, 0x00007f3e67fff000)

Mod Union Table: (CMSBitMap*) 0x00007f3e8c07bad0
 Bits: [0x00007f3e6ddf7000, 0x00007f3e6e095200)

Polling page: 0x00007f3e904f4000

CodeCache: size=98304Kb used=1373Kb max_used=1417Kb free=96930Kb
 bounds [0x00007f3e86000000, 0x00007f3e86270000, 0x00007f3e8c000000]
 total_blobs=462 nmethods=219 adapters=193
 compilation: enabled

Compilation events (10 events):
Event: 1.718 Thread 0x00007f3e8c19e000 nmethod 215 0x00007f3e861400d0 code [0x00007f3e86140500, 0x00007f3e86142498]
Event: 1.803 Thread 0x00007f3e8c19e000  216             org.antlr.v4.runtime.atn.ATNConfigSet$AbstractConfigHashSet::createBuckets (6 bytes)
Event: 1.803 Thread 0x00007f3e8c19e000 nmethod 216 0x00007f3e8613fd50 code [0x00007f3e8613fea0, 0x00007f3e8613ffd8]
Event: 1.842 Thread 0x00007f3e8c19e000  217             org.antlr.v4.runtime.misc.Array2DHashSet::<init> (59 bytes)
Event: 1.845 Thread 0x00007f3e8c19e000 nmethod 217 0x00007f3e8613a850 code [0x00007f3e8613a9c0, 0x00007f3e8613acd8]
Event: 1.845 Thread 0x00007f3e8c19e000  218             java.lang.Math::floor (5 bytes)
Event: 1.845 Thread 0x00007f3e8c19e000 nmethod 218 0x00007f3e8613a490 code [0x00007f3e8613a5e0, 0x00007f3e8613a6d8]
Event: 1.875 Thread 0x00007f3e8c19c000 nmethod 108 0x00007f3e86150410 code [0x00007f3e86151240, 0x00007f3e8615b880]
Event: 2.654 Thread 0x00007f3e8c19e000  219   !         org.antlr.v4.runtime.dfa.DFAState::addEdge (37 bytes)
Event: 2.655 Thread 0x00007f3e8c19e000 nmethod 219 0x00007f3e86139e90 code [0x00007f3e86139fe0, 0x00007f3e8613a348]

GC Heap History (8 events):
Event: 0.693 GC heap before
{Heap before GC invocations=0 (full 0):
 par new generation   total 309056K, used 274752K [0x00000003d2e00000, 0x00000003e3a50000, 0x00000004dee00000)  [0x00000004dee00000, 0x00000004e0f80000, 0x0000000500600000)  [0x0000000500600000, 0x0000000502780000, 0x0000000521e00000) 
  eden space 274752K, 100% used [0x00000003d2e00000, 0x00000003e3a50000, 0x00000003e3a50000)
  from space 34304K,   0% used [0x0000000500600000, 0x0000000500600000, 0x0000000502780000)
  to   space 34304K,   0% used [0x00000004dee00000, 0x00000004dee00000, 0x00000004e0f80000)
 concurrent mark-sweep generation total 686784K, used 0K [0x0000000521e00000, 0x000000054bcb0000, 0x00000007c0000000)
 Metaspace       used 4120K, capacity 5112K, committed 5376K, reserved 1056768K
  data space     used 3665K, capacity 4624K, committed 4864K, reserved 8192K
  class space    used 454K, capacity 488K, committed 512K, reserved 1048576K
Event: 0.705 GC heap after
Heap after GC invocations=1 (full 0):
 par new generation   total 309056K, used 1559K [0x00000003d2e00000, 0x00000003e3a50000, 0x00000004dee00000)  [0x00000004dee00000, 0x00000004e0f80000, 0x0000000500600000)  [0x0000000500600000, 0x0000000502780000, 0x0000000521e00000) 
  eden space 274752K,   0% used [0x00000003d2e00000, 0x00000003d2e00000, 0x00000003e3a50000)
  from space 34304K,   4% used [0x00000004dee00000, 0x00000004def85df0, 0x00000004e0f80000)
  to   space 34304K,   0% used [0x0000000500600000, 0x0000000500600000, 0x0000000502780000)
 concurrent mark-sweep generation total 686784K, used 51270K [0x0000000521e00000, 0x000000054bcb0000, 0x00000007c0000000)
 Metaspace       used 4120K, capacity 5112K, committed 5376K, reserved 1056768K
  data space     used 3665K, capacity 4624K, committed 4864K, reserved 8192K
  class space    used 454K, capacity 488K, committed 512K, reserved 1048576K
}
Event: 0.922 GC heap before
{Heap before GC invocations=1 (full 1):
 par new generation   total 309056K, used 239055K [0x00000003d2e00000, 0x00000003e3a50000, 0x00000004dee00000)  [0x00000004dee00000, 0x00000004e0f80000, 0x0000000500600000)  [0x0000000500600000, 0x0000000502780000, 0x0000000521e00000) 
  eden space 274752K,  86% used [0x00000003d2e00000, 0x00000003e15edef8, 0x00000003e3a50000)
  from space 34304K,   4% used [0x00000004dee00000, 0x00000004def85df0, 0x00000004e0f80000)
  to   space 34304K,   0% used [0x0000000500600000, 0x0000000500600000, 0x0000000502780000)
 concurrent mark-sweep generation total 686784K, used 51270K [0x0000000521e00000, 0x000000054bcb0000, 0x00000007c0000000)
 Metaspace       used 4281K, capacity 5152K, committed 5504K, reserved 1056768K
  data space     used 3809K, capacity 4624K, committed 4864K, reserved 8192K
  class space    used 471K, capacity 528K, committed 640K, reserved 1048576K
Event: 0.962 GC heap after
Heap after GC invocations=2 (full 1):
 par new generation   total 309056K, used 1798K [0x00000003d2e00000, 0x00000003e3a50000, 0x00000004dee00000)  [0x00000004dee00000, 0x00000004e0f80000, 0x0000000500600000)  [0x0000000500600000, 0x0000000502780000, 0x0000000521e00000) 
  eden space 274752K,   0% used [0x00000003d2e00000, 0x00000003d2e00000, 0x00000003e3a50000)
  from space 34304K,   5% used [0x0000000500600000, 0x00000005007c1a00, 0x0000000502780000)
  to   space 34304K,   0% used [0x00000004dee00000, 0x00000004dee00000, 0x00000004e0f80000)
 concurrent mark-sweep generation total 686784K, used 256072K [0x0000000521e00000, 0x000000054bcb0000, 0x00000007c0000000)
 Metaspace       used 4281K, capacity 5152K, committed 5504K, reserved 1056768K
  data space     used 3809K, capacity 4624K, committed 4864K, reserved 8192K
  class space    used 471K, capacity 528K, committed 640K, reserved 1048576K
}
Event: 1.395 GC heap before
{Heap before GC invocations=2 (full 1):
 par new generation   total 309056K, used 276550K [0x00000003d2e00000, 0x00000003e3a50000, 0x00000004dee00000)  [0x00000004dee00000, 0x00000004e0f80000, 0x0000000500600000)  [0x0000000500600000, 0x0000000502780000, 0x0000000521e00000) 
  eden space 274752K, 100% used [0x00000003d2e00000, 0x00000003e3a50000, 0x00000003e3a50000)
  from space 34304K,   5% used [0x0000000500600000, 0x00000005007c1a00, 0x0000000502780000)
  to   space 34304K,   0% used [0x00000004dee00000, 0x00000004dee00000, 0x00000004e0f80000)
 concurrent mark-sweep generation total 686784K, used 256072K [0x0000000521e00000, 0x000000054bcb0000, 0x00000007c0000000)
 Metaspace       used 4311K, capacity 5152K, committed 5504K, reserved 1056768K
  data space     used 3838K, capacity 4624K, committed 4864K, reserved 8192K
  class space    used 472K, capacity 528K, committed 640K, reserved 1048576K
Event: 1.449 GC heap after
Heap after GC invocations=3 (full 1):
 par new generation   total 309056K, used 2628K [0x00000003d2e00000, 0x00000003e3a50000, 0x00000004dee00000)  [0x00000004dee00000, 0x00000004e0f80000, 0x0000000500600000)  [0x0000000500600000, 0x0000000502780000, 0x0000000521e00000) 
  eden space 274752K,   0% used [0x00000003d2e00000, 0x00000003d2e00000, 0x00000003e3a50000)
  from space 34304K,   7% used [0x00000004dee00000, 0x00000004df0911c8, 0x00000004e0f80000)
  to   space 34304K,   0% used [0x0000000500600000, 0x0000000500600000, 0x0000000502780000)
 concurrent mark-sweep generation total 686784K, used 460874K [0x0000000521e00000, 0x000000054bcb0000, 0x00000007c0000000)
 Metaspace       used 4311K, capacity 5152K, committed 5504K, reserved 1056768K
  data space     used 3838K, capacity 4624K, committed 4864K, reserved 8192K
  class space    used 472K, capacity 528K, committed 640K, reserved 1048576K
}
Event: 2.220 GC heap before
{Heap before GC invocations=3 (full 1):
 par new generation   total 309056K, used 277380K [0x00000003d2e00000, 0x00000003e3a50000, 0x00000004dee00000)  [0x00000004dee00000, 0x00000004e0f80000, 0x0000000500600000)  [0x0000000500600000, 0x0000000502780000, 0x0000000521e00000) 
  eden space 274752K, 100% used [0x00000003d2e00000, 0x00000003e3a50000, 0x00000003e3a50000)
  from space 34304K,   7% used [0x00000004dee00000, 0x00000004df0911c8, 0x00000004e0f80000)
  to   space 34304K,   0% used [0x0000000500600000, 0x0000000500600000, 0x0000000502780000)
 concurrent mark-sweep generation total 686784K, used 460874K [0x0000000521e00000, 0x000000054bcb0000, 0x00000007c0000000)
 Metaspace       used 4312K, capacity 5152K, committed 5504K, reserved 1056768K
  data space     used 3838K, capacity 4624K, committed 4864K, reserved 8192K
  class space    used 473K, capacity 528K, committed 640K, reserved 1048576K
Event: 2.221 GC heap after
Heap after GC invocations=4 (full 1):
 par new generation   total 309056K, used 2319K [0x00000003d2e00000, 0x00000003e3a50000, 0x00000004dee00000)  [0x00000004dee00000, 0x00000004e0f80000, 0x0000000500600000)  [0x0000000500600000, 0x0000000502780000, 0x0000000521e00000) 
  eden space 274752K,   0% used [0x00000003d2e00000, 0x00000003d2e00000, 0x00000003e3a50000)
  from space 34304K,   6% used [0x0000000500600000, 0x0000000500843d50, 0x0000000502780000)
  to   space 34304K,   0% used [0x00000004dee00000, 0x00000004dee00000, 0x00000004e0f80000)
 concurrent mark-sweep generation total 686784K, used 460874K [0x0000000521e00000, 0x000000054bcb0000, 0x00000007c0000000)
 Metaspace       used 4312K, capacity 5152K, committed 5504K, reserved 1056768K
  data space     used 3838K, capacity 4624K, committed 4864K, reserved 8192K
  class space    used 473K, capacity 528K, committed 640K, reserved 1048576K
}

Deoptimization events (10 events):
Event: 1.015 Thread 0x00007f3e8c00a800 Uncommon trap: reason=array_check action=maybe_recompile pc=0x00007f3e860b9628 method=org.antlr.v4.runtime.misc.Array2DHashSet.getOrAddImpl(Ljava/lang/Object;)Ljava/lang/Object; @ 128
Event: 1.015 Thread 0x00007f3e8c00a800 Uncommon trap: reason=unstable_if action=reinterpret pc=0x00007f3e8609d044 method=org.antlr.v4.runtime.atn.LexerATNConfig.checkNonGreedyDecision(Lorg/antlr/v4/runtime/atn/LexerATNConfig;Lorg/antlr/v4/runtime/atn/ATNState;)Z @ 21
Event: 1.015 Thread 0x00007f3e8c00a800 Uncommon trap: reason=unstable_if action=reinterpret pc=0x00007f3e860981a4 method=org.antlr.v4.runtime.atn.LexerATNSimulator.getReachableConfigSet(Lorg/antlr/v4/runtime/CharStream;Lorg/antlr/v4/runtime/atn/ATNConfigSet;Lorg/antlr/v4/runtime/atn/ATNConfigS
Event: 1.068 Thread 0x00007f3e8c00a800 Uncommon trap: reason=unstable_if action=reinterpret pc=0x00007f3e860aa874 method=org.antlr.v4.runtime.atn.LexerATNSimulator.getEpsilonTarget(Lorg/antlr/v4/runtime/CharStream;Lorg/antlr/v4/runtime/atn/LexerATNConfig;Lorg/antlr/v4/runtime/atn/Transition;Lo
Event: 1.144 Thread 0x00007f3e8c00a800 Uncommon trap: reason=array_check action=maybe_recompile pc=0x00007f3e860e62c8 method=org.antlr.v4.runtime.misc.Array2DHashSet.getOrAddImpl(Ljava/lang/Object;)Ljava/lang/Object; @ 133
Event: 1.144 Thread 0x00007f3e8c00a800 Uncommon trap: reason=array_check action=maybe_recompile pc=0x00007f3e860e62c8 method=org.antlr.v4.runtime.misc.Array2DHashSet.getOrAddImpl(Ljava/lang/Object;)Ljava/lang/Object; @ 133
Event: 1.460 Thread 0x00007f3e8c00a800 Uncommon trap: reason=unstable_if action=reinterpret pc=0x00007f3e860a149c method=org.antlr.v4.runtime.misc.ObjectEqualityComparator.equals(Ljava/lang/Object;Ljava/lang/Object;)Z @ 5
Event: 1.460 Thread 0x00007f3e8c00a800 Uncommon trap: reason=unstable_if action=reinterpret pc=0x00007f3e860b6788 method=org.antlr.v4.runtime.atn.LexerATNConfig.equals(Lorg/antlr/v4/runtime/atn/ATNConfig;)Z @ 48
Event: 1.460 Thread 0x00007f3e8c00a800 Uncommon trap: reason=unstable_if action=reinterpret pc=0x00007f3e860a4e30 method=org.antlr.v4.runtime.atn.LexerATNConfig.equals(Lorg/antlr/v4/runtime/atn/ATNConfig;)Z @ 48
Event: 2.702 Thread 0x00007f3e8c00a800 Uncommon trap: reason=unstable_if action=reinterpret pc=0x00007f3e860b7d64 method=org.antlr.v4.runtime.atn.ATNState.addTransition(ILorg/antlr/v4/runtime/atn/Transition;)V @ 115

Internal exceptions (2 events):
Event: 0.020 Thread 0x00007f3e8c00a800 Exception <a 'java/lang/NoSuchMethodError': Method sun.misc.Unsafe.defineClass(Ljava/lang/String;[BII)Ljava/lang/Class; name or signature does not match> (0x00000003d2e07de8) thrown at [/google/src/files/165109754/depot/branches/openjdk8_release_branch/16
Event: 0.021 Thread 0x00007f3e8c00a800 Exception <a 'java/lang/NoSuchMethodError': Method sun.misc.Unsafe.prefetchRead(Ljava/lang/Object;J)V name or signature does not match> (0x00000003d2e080d0) thrown at [/google/src/files/165109754/depot/branches/openjdk8_release_branch/164917822.1/google3/

Events (10 events):
Event: 1.460 Thread 0x00007f3e8c00a800 DEOPT UNPACKING pc=0x00007f3e86004f69 sp=0x00007f3e905f4010 mode 2
Event: 1.471 loading class java/util/concurrent/CopyOnWriteArrayList$1
Event: 1.471 loading class java/util/concurrent/CopyOnWriteArrayList$1 done
Event: 2.220 Executing VM operation: GenCollectForAllocation
Event: 2.221 Executing VM operation: GenCollectForAllocation done
Event: 2.702 Thread 0x00007f3e8c00a800 Uncommon trap: trap_request=0xffffff65 fr.pc=0x00007f3e860b7d64
Event: 2.702 Thread 0x00007f3e8c00a800 DEOPT PACKING pc=0x00007f3e860b7d64 sp=0x00007f3e905f4230
Event: 2.702 Thread 0x00007f3e8c00a800 DEOPT UNPACKING pc=0x00007f3e86004f69 sp=0x00007f3e905f41f0 mode 2
Event: 2.702 loading class org/antlr/v4/runtime/atn/LexerChannelAction
Event: 2.702 loading class org/antlr/v4/runtime/atn/LexerChannelAction done


Dynamic libraries:
00400000-00404000 r-xp 00000000 fc:01 1049412                            /usr/local/buildtools/java/jdk8-google-v7-64/bin/java
00404000-00405000 rw-p 00004000 fc:01 1049412                            /usr/local/buildtools/java/jdk8-google-v7-64/bin/java
013e7000-01408000 rw-p 00000000 00:00 0                                  [heap]
3d2e00000-3e3a50000 rw-p 00000000 00:00 0 
3e3a50000-4dee00000 ---p 00000000 00:00 0 
4dee00000-4e0f80000 rw-p 00000000 00:00 0 
4e0f80000-500600000 ---p 00000000 00:00 0 
500600000-502780000 rw-p 00000000 00:00 0 
502780000-521e00000 ---p 00000000 00:00 0 
521e00000-54bcb0000 rw-p 00000000 00:00 0 
54bcb0000-7c0000000 ---p 00000000 00:00 0 
7c0000000-7c00a0000 rw-p 00000000 00:00 0 
7c00a0000-800000000 ---p 00000000 00:00 0 
7f3e18000000-7f3e18021000 rw-p 00000000 00:00 0 
7f3e18021000-7f3e1c000000 ---p 00000000 00:00 0 
7f3e20000000-7f3e21ae5000 rw-p 00000000 00:00 0 
7f3e21ae5000-7f3e24000000 ---p 00000000 00:00 0 
7f3e24000000-7f3e24021000 rw-p 00000000 00:00 0 
7f3e24021000-7f3e28000000 ---p 00000000 00:00 0 
7f3e28000000-7f3e28033000 rw-p 00000000 00:00 0 
7f3e28033000-7f3e2c000000 ---p 00000000 00:00 0 
7f3e2c000000-7f3e2cdba000 rw-p 00000000 00:00 0 
7f3e2cdba000-7f3e30000000 ---p 00000000 00:00 0 
7f3e30000000-7f3e30021000 rw-p 00000000 00:00 0 
7f3e30021000-7f3e34000000 ---p 00000000 00:00 0 
7f3e34000000-7f3e34021000 rw-p 00000000 00:00 0 
7f3e34021000-7f3e38000000 ---p 00000000 00:00 0 
7f3e38000000-7f3e38021000 rw-p 00000000 00:00 0 
7f3e38021000-7f3e3c000000 ---p 00000000 00:00 0 
7f3e3c000000-7f3e3c021000 rw-p 00000000 00:00 0 
7f3e3c021000-7f3e40000000 ---p 00000000 00:00 0 
7f3e40000000-7f3e40021000 rw-p 00000000 00:00 0 
7f3e40021000-7f3e44000000 ---p 00000000 00:00 0 
7f3e44000000-7f3e44021000 rw-p 00000000 00:00 0 
7f3e44021000-7f3e48000000 ---p 00000000 00:00 0 
7f3e48000000-7f3e48021000 rw-p 00000000 00:00 0 
7f3e48021000-7f3e4c000000 ---p 00000000 00:00 0 
7f3e4c000000-7f3e4c021000 rw-p 00000000 00:00 0 
7f3e4c021000-7f3e50000000 ---p 00000000 00:00 0 
7f3e50000000-7f3e50021000 rw-p 00000000 00:00 0 
7f3e50021000-7f3e54000000 ---p 00000000 00:00 0 
7f3e547a3000-7f3e547a4000 ---p 00000000 00:00 0 
7f3e547a4000-7f3e548a5000 rw-p 00000000 00:00 0 
7f3e548a5000-7f3e548a8000 ---p 00000000 00:00 0 
7f3e548a8000-7f3e549a7000 rw-p 00000000 00:00 0 
7f3e549a7000-7f3e549aa000 ---p 00000000 00:00 0 
7f3e549aa000-7f3e54c29000 rw-p 00000000 00:00 0 
7f3e54c29000-7f3e54c2c000 ---p 00000000 00:00 0 
7f3e54c2c000-7f3e54d2b000 rw-p 00000000 00:00 0 
7f3e54d2b000-7f3e54d2e000 ---p 00000000 00:00 0 
7f3e54d2e000-7f3e54e2d000 rw-p 00000000 00:00 0 
7f3e54e2d000-7f3e54e30000 ---p 00000000 00:00 0 
7f3e54e30000-7f3e54f2f000 rw-p 00000000 00:00 0 
7f3e54f2f000-7f3e54f32000 ---p 00000000 00:00 0 
7f3e54f32000-7f3e55031000 rw-p 00000000 00:00 0 
7f3e55031000-7f3e551dd000 r--p 00000000 fc:01 1983545                    /usr/grte/v4/lib64/locale/locale-archive
7f3e551dd000-7f3e551e0000 ---p 00000000 00:00 0 
7f3e551e0000-7f3e552df000 rw-p 00000000 00:00 0 
7f3e552df000-7f3e552e2000 ---p 00000000 00:00 0 
7f3e552e2000-7f3e553e1000 rw-p 00000000 00:00 0 
7f3e553e1000-7f3e553e2000 ---p 00000000 00:00 0 
7f3e553e2000-7f3e554e3000 rw-p 00000000 00:00 0 
7f3e554e3000-7f3e556b1000 r--s 03bfe000 fc:01 1446451                    /usr/local/buildtools/java/jdk8-google-v7-64/jre/lib/rt.jar
7f3e556b1000-7f3e55cb7000 rw-p 00000000 00:00 0 
7f3e55cb7000-7f3e56177000 rw-p 00000000 00:00 0 
7f3e56177000-7f3e564b7000 ---p 00000000 00:00 0 
7f3e564b7000-7f3e68021000 rw-p 00000000 00:00 0 
7f3e68021000-7f3e6c000000 ---p 00000000 00:00 0 
7f3e6c0ed000-7f3e6d3e9000 rw-p 00000000 00:00 0 
7f3e6d3e9000-7f3e6d3ea000 ---p 00000000 00:00 0 
7f3e6d3ea000-7f3e6daf1000 rw-p 00000000 00:00 0 
7f3e6daf1000-7f3e6daf2000 ---p 00000000 00:00 0 
7f3e6daf2000-7f3e6dbf3000 rw-p 00000000 00:00 0 
7f3e6dbf3000-7f3e6dbf4000 ---p 00000000 00:00 0 
7f3e6dbf4000-7f3e6dcf5000 rw-p 00000000 00:00 0 
7f3e6dcf5000-7f3e6dcf6000 ---p 00000000 00:00 0 
7f3e6dcf6000-7f3e6ddf7000 rw-p 00000000 00:00 0 
7f3e6ddf7000-7f3e6e11d000 rw-p 00000000 00:00 0 
7f3e6e11d000-7f3e6e8f6000 ---p 00000000 00:00 0 
7f3e6e8f6000-7f3e6e907000 rw-p 00000000 00:00 0 
7f3e6e907000-7f3e6ea02000 ---p 00000000 00:00 0 
7f3e6ea02000-7f3e6ea13000 rw-p 00000000 00:00 0 
7f3e6ea13000-7f3e6eb0e000 ---p 00000000 00:00 0 
7f3e6eb0e000-7f3e6ec5e000 rw-p 00000000 00:00 0 
7f3e6ec5e000-7f3e6ffff000 ---p 00000000 00:00 0 
7f3e6ffff000-7f3e70021000 rw-p 00000000 00:00 0 
7f3e70021000-7f3e74000000 ---p 00000000 00:00 0 
7f3e74000000-7f3e74021000 rw-p 00000000 00:00 0 
7f3e74021000-7f3e78000000 ---p 00000000 00:00 0 
7f3e78000000-7f3e78021000 rw-p 00000000 00:00 0 
7f3e78021000-7f3e7c000000 ---p 00000000 00:00 0 
7f3e7c000000-7f3e7c021000 rw-p 00000000 00:00 0 
7f3e7c021000-7f3e80000000 ---p 00000000 00:00 0 
7f3e80000000-7f3e80021000 rw-p 00000000 00:00 0 
7f3e80021000-7f3e84000000 ---p 00000000 00:00 0 
7f3e84054000-7f3e8405f000 rw-p 00000000 00:00 0 
7f3e8405f000-7f3e84076000 r-xp 00000000 fc:01 917955                     /usr/local/buildtools/java/jdk8-google-v7-64/jre/lib/amd64/libnet.so
7f3e84076000-7f3e84077000 rw-p 00016000 fc:01 917955                     /usr/local/buildtools/java/jdk8-google-v7-64/jre/lib/amd64/libnet.so
7f3e84077000-7f3e8407a000 rw-p 00000000 00:00 0 
7f3e8407a000-7f3e8407c000 r--s 0001a000 fc:01 543                        /opt/intellij-ue-2017.1/lib/idea_rt.jar
7f3e8407c000-7f3e84082000 r--s 0004a000 fc:02 19271134                   /usr/local/google/home/mdakin/work/antlr4/runtime/Java/target/antlr4-runtime-4.7.1-SNAPSHOT-sources.jar
7f3e84082000-7f3e84088000 r--s 0004e000 fc:02 19271114                   /usr/local/google/home/mdakin/work/antlr4/runtime/Java/target/antlr4-runtime-4.7.1-SNAPSHOT.jar
7f3e84088000-7f3e8409b000 r--s 00346000 fc:01 1446453                    /usr/local/buildtools/java/jdk8-google-v7-64/jre/lib/resources.jar
7f3e8409b000-7f3e8409c000 r--s 00000000 fc:01 1446459                    /usr/local/buildtools/java/jdk8-google-v7-64/jre/lib/management-agent.jar
7f3e8409c000-7f3e840a1000 r--s 00098000 fc:01 1446462                    /usr/local/buildtools/java/jdk8-google-v7-64/jre/lib/jsse.jar
7f3e840a1000-7f3e840a4000 r--s 00015000 fc:01 1446464                    /usr/local/buildtools/java/jdk8-google-v7-64/jre/lib/jce.jar
7f3e840a4000-7f3e840a9000 r--s 002f9000 fc:01 1446486                    /usr/local/buildtools/java/jdk8-google-v7-64/jre/lib/charsets.jar
7f3e840a9000-7f3e84100000 rw-p 00000000 00:00 0 
7f3e84100000-7f3e84250000 rw-p 00000000 00:00 0 
7f3e84250000-7f3e855f2000 ---p 00000000 00:00 0 
7f3e855f2000-7f3e85bf8000 rw-p 00000000 00:00 0 
7f3e85bf8000-7f3e85bf9000 ---p 00000000 00:00 0 
7f3e85bf9000-7f3e85cfa000 rw-p 00000000 00:00 0 
7f3e85cfa000-7f3e85cfb000 ---p 00000000 00:00 0 
7f3e85cfb000-7f3e85dfc000 rw-p 00000000 00:00 0 
7f3e85dfc000-7f3e85dfd000 ---p 00000000 00:00 0 
7f3e85dfd000-7f3e85efe000 rw-p 00000000 00:00 0 
7f3e85efe000-7f3e85eff000 ---p 00000000 00:00 0 
7f3e85eff000-7f3e86000000 rw-p 00000000 00:00 0 
7f3e86000000-7f3e86270000 rwxp 00000000 00:00 0 
7f3e86270000-7f3e8c000000 ---p 00000000 00:00 0 
7f3e8c000000-7f3e8c538000 rw-p 00000000 00:00 0 
7f3e8c538000-7f3e90000000 ---p 00000000 00:00 0 
7f3e90000000-7f3e900e3000 rw-p 00000000 00:00 0 
7f3e900e3000-7f3e900e4000 ---p 00000000 00:00 0 
7f3e900e4000-7f3e901e7000 rw-p 00000000 00:00 0 
7f3e901e7000-7f3e901e8000 ---p 00000000 00:00 0 
7f3e901e8000-7f3e902e9000 rw-p 00000000 00:00 0 
7f3e902e9000-7f3e902f3000 rw-p 00000000 00:00 0 
7f3e902f3000-7f3e90469000 ---p 00000000 00:00 0 
7f3e90469000-7f3e90486000 r-xp 00000000 fc:01 917657                     /usr/local/buildtools/java/jdk8-google-v7-64/jre/lib/amd64/libzip.so
7f3e90486000-7f3e90487000 rw-p 0001d000 fc:01 917657                     /usr/local/buildtools/java/jdk8-google-v7-64/jre/lib/amd64/libzip.so
7f3e90487000-7f3e9048f000 rw-s 00000000 fc:01 1314313                    /tmp/hsperfdata_mdakin/74685
7f3e9048f000-7f3e90492000 r-xp 00000000 fc:01 1977200                    /usr/grte/v4/lib64/libnss_cache-2.19.so
7f3e90492000-7f3e90493000 r--p 00003000 fc:01 1977200                    /usr/grte/v4/lib64/libnss_cache-2.19.so
7f3e90493000-7f3e90494000 rw-p 00004000 fc:01 1977200                    /usr/grte/v4/lib64/libnss_cache-2.19.so
7f3e90494000-7f3e9049f000 r-xp 00000000 fc:01 1981257                    /usr/grte/v4/lib64/libnss_files-2.19.so
7f3e9049f000-7f3e904a0000 r--p 0000a000 fc:01 1981257                    /usr/grte/v4/lib64/libnss_files-2.19.so
7f3e904a0000-7f3e904a1000 rw-p 0000b000 fc:01 1981257                    /usr/grte/v4/lib64/libnss_files-2.19.so
7f3e904a1000-7f3e904a2000 rw-p 00000000 00:00 0 
7f3e904a2000-7f3e904ac000 r-xp 00000000 fc:01 918512                     /usr/local/buildtools/java/jdk8-google-v7-64/jre/lib/amd64/libinstrument.so
7f3e904ac000-7f3e904ad000 rw-p 00009000 fc:01 918512                     /usr/local/buildtools/java/jdk8-google-v7-64/jre/lib/amd64/libinstrument.so
7f3e904ad000-7f3e904ae000 rw-p 00000000 00:00 0 
7f3e904ae000-7f3e904d9000 r-xp 00000000 fc:01 918217                     /usr/local/buildtools/java/jdk8-google-v7-64/jre/lib/amd64/libjava.so
7f3e904d9000-7f3e904db000 rw-p 0002b000 fc:01 918217                     /usr/local/buildtools/java/jdk8-google-v7-64/jre/lib/amd64/libjava.so
7f3e904db000-7f3e904e9000 r-xp 00000000 fc:01 917698                     /usr/local/buildtools/java/jdk8-google-v7-64/jre/lib/amd64/libverify.so
7f3e904e9000-7f3e904eb000 rw-p 0000d000 fc:01 917698                     /usr/local/buildtools/java/jdk8-google-v7-64/jre/lib/amd64/libverify.so
7f3e904eb000-7f3e904f2000 r-xp 00000000 fc:01 1981253                    /usr/grte/v4/lib64/librt-2.19.so
7f3e904f2000-7f3e904f3000 r--p 00006000 fc:01 1981253                    /usr/grte/v4/lib64/librt-2.19.so
7f3e904f3000-7f3e904f4000 rw-p 00007000 fc:01 1981253                    /usr/grte/v4/lib64/librt-2.19.so
7f3e904f4000-7f3e904f5000 r--p 00000000 00:00 0 
7f3e904f5000-7f3e904f8000 ---p 00000000 00:00 0 
7f3e904f8000-7f3e905f6000 rw-p 00000000 00:00 0 
7f3e905f6000-7f3e91191000 r-xp 00000000 fc:01 1048856                    /usr/local/buildtools/java/jdk8-google-v7-64/jre/lib/amd64/server/libjvm.so
7f3e91191000-7f3e91260000 rw-p 00b9b000 fc:01 1048856                    /usr/local/buildtools/java/jdk8-google-v7-64/jre/lib/amd64/server/libjvm.so
7f3e91260000-7f3e912a8000 rw-p 00000000 00:00 0 
7f3e912a8000-7f3e912be000 r-xp 00000000 fc:01 1846281                    /usr/crosstool/v18/x86_64-grtev4-linux-gnu/lib64/libgcc_s.so.1
7f3e912be000-7f3e914bd000 ---p 00016000 fc:01 1846281                    /usr/crosstool/v18/x86_64-grtev4-linux-gnu/lib64/libgcc_s.so.1
7f3e914bd000-7f3e914be000 rw-p 00015000 fc:01 1846281                    /usr/crosstool/v18/x86_64-grtev4-linux-gnu/lib64/libgcc_s.so.1
7f3e914be000-7f3e915c1000 r-xp 00000000 fc:01 1977192                    /usr/grte/v4/lib64/libm-2.19.so
7f3e915c1000-7f3e915c2000 r--p 00102000 fc:01 1977192                    /usr/grte/v4/lib64/libm-2.19.so
7f3e915c2000-7f3e915c3000 rw-p 00103000 fc:01 1977192                    /usr/grte/v4/lib64/libm-2.19.so
7f3e915c3000-7f3e916c0000 r-xp 00000000 fc:01 1846285                    /usr/crosstool/v18/x86_64-grtev4-linux-gnu/lib64/libstdc++.so.6.0.20
7f3e916c0000-7f3e916c1000 ---p 000fd000 fc:01 1846285                    /usr/crosstool/v18/x86_64-grtev4-linux-gnu/lib64/libstdc++.so.6.0.20
7f3e916c1000-7f3e916c9000 r--p 000fd000 fc:01 1846285                    /usr/crosstool/v18/x86_64-grtev4-linux-gnu/lib64/libstdc++.so.6.0.20
7f3e916c9000-7f3e916cc000 rw-p 00105000 fc:01 1846285                    /usr/crosstool/v18/x86_64-grtev4-linux-gnu/lib64/libstdc++.so.6.0.20
7f3e916cc000-7f3e916e1000 rw-p 00000000 00:00 0 
7f3e916e1000-7f3e916f9000 r-xp 00000000 fc:01 918654                     /usr/local/buildtools/java/jdk8-google-v7-64/jre/lib/amd64/jli/libjli.so
7f3e916f9000-7f3e916fa000 rw-p 00018000 fc:01 918654                     /usr/local/buildtools/java/jdk8-google-v7-64/jre/lib/amd64/jli/libjli.so
7f3e916fa000-7f3e916fe000 rw-p 00000000 00:00 0 
7f3e916fe000-7f3e918a0000 r-xp 00000000 fc:01 1981249                    /usr/grte/v4/lib64/libc-2.19.so
7f3e918a0000-7f3e918a4000 r--p 001a1000 fc:01 1981249                    /usr/grte/v4/lib64/libc-2.19.so
7f3e918a4000-7f3e918a6000 rw-p 001a5000 fc:01 1981249                    /usr/grte/v4/lib64/libc-2.19.so
7f3e918a6000-7f3e918aa000 rw-p 00000000 00:00 0 
7f3e918aa000-7f3e918ad000 r-xp 00000000 fc:01 1977196                    /usr/grte/v4/lib64/libdl-2.19.so
7f3e918ad000-7f3e918ae000 r--p 00002000 fc:01 1977196                    /usr/grte/v4/lib64/libdl-2.19.so
7f3e918ae000-7f3e918af000 rw-p 00003000 fc:01 1977196                    /usr/grte/v4/lib64/libdl-2.19.so
7f3e918af000-7f3e918c6000 r-xp 00000000 fc:01 1977195                    /usr/grte/v4/lib64/libpthread-2.19.so
7f3e918c6000-7f3e918c7000 ---p 00017000 fc:01 1977195                    /usr/grte/v4/lib64/libpthread-2.19.so
7f3e918c7000-7f3e918c8000 r--p 00017000 fc:01 1977195                    /usr/grte/v4/lib64/libpthread-2.19.so
7f3e918c8000-7f3e918c9000 rw-p 00018000 fc:01 1977195                    /usr/grte/v4/lib64/libpthread-2.19.so
7f3e918c9000-7f3e918cf000 rw-p 00000000 00:00 0 
7f3e918cf000-7f3e918d0000 rw-p 00000000 00:00 0 
7f3e918d0000-7f3e918f1000 r-xp 00000000 fc:01 1977199                    /usr/grte/v4/lib64/ld-2.19.so
7f3e918f1000-7f3e918f2000 r--p 00020000 fc:01 1977199                    /usr/grte/v4/lib64/ld-2.19.so
7f3e918f2000-7f3e918f4000 rw-p 00021000 fc:01 1977199                    /usr/grte/v4/lib64/ld-2.19.so
7fff46956000-7fff46978000 rw-p 00000000 00:00 0                          [stack]
7fff469ab000-7fff469ad000 r--p 00000000 00:00 0                          [vvar]
7fff469ad000-7fff469af000 r-xp 00000000 00:00 0                          [vdso]
ffffffffff600000-ffffffffff601000 r-xp 00000000 00:00 0                  [vsyscall]

VM Arguments:
jvm_args: -Dvisualvm.id=1467043205659515 -javaagent:/opt/intellij-ue-2017.1/lib/idea_rt.jar=35293:/opt/intellij-ue-2017.1/bin -Dfile.encoding=UTF-8 
java_command: SourceCodeLexerBenchmark
java_class_path (initial): /usr/local/buildtools/java/jdk/jre/lib/charsets.jar:/usr/local/buildtools/java/jdk/jre/lib/ext/cldrdata.jar:/usr/local/buildtools/java/jdk/jre/lib/ext/dnsns.jar:/usr/local/buildtools/java/jdk/jre/lib/ext/jaccess.jar:/usr/local/buildtools/java/jdk/jre/lib/ext/localedata.jar:/usr/local/buildtools/java/jdk/jre/lib/ext/nashorn.jar:/usr/local/buildtools/java/jdk/jre/lib/ext/sunec.jar:/usr/local/buildtools/java/jdk/jre/lib/ext/sunjce_provider.jar:/usr/local/buildtools/java/jdk/jre/lib/ext/sunpkcs11.jar:/usr/local/buildtools/java/jdk/jre/lib/ext/zipfs.jar:/usr/local/buildtools/java/jdk/jre/lib/jce.jar:/usr/local/buildtools/java/jdk/jre/lib/jsse.jar:/usr/local/buildtools/java/jdk/jre/lib/management-agent.jar:/usr/local/buildtools/java/jdk/jre/lib/resources.jar:/usr/local/buildtools/java/jdk/jre/lib/rt.jar:/usr/local/google/home/mdakin/work/antlr4/speed/target:/usr/local/google/home/mdakin/work/antlr4/runtime/Java/target/antlr4-runtime-4.7.1-SNAPSHOT.jar:/usr/local/google/home/mdakin/work/antlr4/runtime/Java/target/antlr4-runtime-4.7.1-SNAPSHOT-sources.jar:/opt/intellij-ue-2017.1/lib/idea_rt.jar
Launcher Type: SUN_STANDARD

Environment Variables:
PATH=/usr/local/google/home/mdakin/work/apache-maven-3.3.9/bin:/usr/local/google/home/mdakin/work/google-cloud-sdk/bin:/usr/lib/google-dartlang/bin:/usr/local/google/home/mdakin/.sdkman/candidates/gradle/current/bin:/usr/local/google/home/mdakin/bin:/usr/lib/google-golang/bin:/usr/local/buildtools/java/jdk/bin:/usr/local/sbin:/usr/local/bin:/usr/sbin:/usr/bin:/sbin:/bin:/usr/local/google/home/mdakin/bin
LD_LIBRARY_PATH=/opt/intellij-ue-stable/bin::/usr/local/google/home/mdakin/yourkit/bin/linux-x86-64/
SHELL=/bin/bash
DISPLAY=:0

Signal Handlers:
SIGSEGV: [libjvm.so+0x976a20], sa_mask[0]=11111111011111111101111111111110, sa_flags=SA_RESTART|SA_SIGINFO
SIGBUS: [libjvm.so+0x976a20], sa_mask[0]=11111111011111111101111111111110, sa_flags=SA_RESTART|SA_SIGINFO
SIGFPE: [libjvm.so+0x883b40], sa_mask[0]=11111111011111111101111111111110, sa_flags=SA_RESTART|SA_SIGINFO
SIGPIPE: [libjvm.so+0x883b40], sa_mask[0]=11111111011111111101111111111110, sa_flags=SA_RESTART|SA_SIGINFO
SIGXFSZ: [libjvm.so+0x883b40], sa_mask[0]=11111111011111111101111111111110, sa_flags=SA_RESTART|SA_SIGINFO
SIGILL: [libjvm.so+0x883b40], sa_mask[0]=11111111011111111101111111111110, sa_flags=SA_RESTART|SA_SIGINFO
SIGUSR1: SIG_DFL, sa_mask[0]=00000000000000000000000000000000, sa_flags=none
SIGUSR2: [libjvm.so+0x8836e0], sa_mask[0]=00100000000000000000000000000000, sa_flags=SA_RESTART|SA_SIGINFO
SIGHUP: [libjvm.so+0x883860], sa_mask[0]=11111111011111111101111111111110, sa_flags=SA_RESTART|SA_SIGINFO
SIGINT: [libjvm.so+0x883860], sa_mask[0]=11111111011111111101111111111110, sa_flags=SA_RESTART|SA_SIGINFO
SIGTERM: [libjvm.so+0x883860], sa_mask[0]=11111111011111111101111111111110, sa_flags=SA_RESTART|SA_SIGINFO
SIGQUIT: [libjvm.so+0x883860], sa_mask[0]=11111111011111111101111111111110, sa_flags=SA_RESTART|SA_SIGINFO

Polling page address: 0x00007f3e904f4000
Memory serialize page address: 0x00007f3e904ad000


---------------  S Y S T E M  ---------------

OS:# $Id: //depot/google3/googledata/corp/puppet/goobuntu/common/modules/base/templates/lsb-release.erb#2 $
DISTRIB_CODENAME=trusty
DISTRIB_DESCRIPTION="Ubuntu 14.04 LTS"
DISTRIB_ID=Ubuntu
DISTRIB_RELEASE=14.04
GOOGLE_CODENAME=trusty
GOOGLE_ID=Goobuntu
GOOGLE_RELEASE="14.04 201709TD1-1"
GOOGLE_ROLE=desktop
GOOGLE_TRACK=stable

uname:Linux 4.4.0-89-generic #112~14.04.1-Ubuntu SMP Tue Aug 1 22:08:32 UTC 2017 x86_64
libc:glibc 2.19 NPTL 2.19 
rlimit: STACK 8192k, CORE 0k, NPROC 32768, NOFILE 32768, AS infinity
load average:1.98 1.46 1.51

/proc/meminfo:
MemTotal:       65865768 kB
MemFree:        15275400 kB
MemAvailable:   51425476 kB
Buffers:         1209584 kB
Cached:         32547468 kB
SwapCached:        18676 kB
Active:         26980720 kB
Inactive:       18976104 kB
Active(anon):   11120636 kB
Inactive(anon):  1408008 kB
Active(file):   15860084 kB
Inactive(file): 17568096 kB
Unevictable:        4900 kB
Mlocked:            4900 kB
SwapTotal:      33472508 kB
SwapFree:       33201260 kB
Dirty:             50808 kB
Writeback:             0 kB
AnonPages:      12194580 kB
Mapped:          1295068 kB
Shmem:            325796 kB
Slab:            4099756 kB
SReclaimable:    3349604 kB
SUnreclaim:       750152 kB
KernelStack:       43536 kB
PageTables:        88428 kB
NFS_Unstable:          0 kB
Bounce:                0 kB
WritebackTmp:          0 kB
CommitLimit:    66405392 kB
Committed_AS:   22530284 kB
VmallocTotal:   34359738367 kB
VmallocUsed:           0 kB
VmallocChunk:          0 kB
HardwareCorrupted:     0 kB
AnonHugePages:   8368128 kB
CmaTotal:              0 kB
CmaFree:               0 kB
HugePages_Total:       0
HugePages_Free:        0
HugePages_Rsvd:        0
HugePages_Surp:        0
Hugepagesize:       2048 kB
DirectMap4k:     6527416 kB
DirectMap2M:    60495872 kB
DirectMap1G:           0 kB


CPU:total 12 (6 cores per cpu, 2 threads per core) family 6 model 63 stepping 2, cmov, cx8, fxsr, mmx, sse, sse2, sse3, ssse3, sse4.1, sse4.2, popcnt, avx, avx2, aes, clmul, erms, lzcnt, ht, tsc, tscinvbit, bmi1, bmi2

/proc/cpuinfo:
processor	: 0
vendor_id	: GenuineIntel
cpu family	: 6
model		: 63
model name	: Intel(R) Xeon(R) CPU E5-1650 v3 @ 3.50GHz
stepping	: 2
microcode	: 0x3a
cpu MHz		: 2571.816
cache size	: 15360 KB
physical id	: 0
siblings	: 12
core id		: 0
cpu cores	: 6
apicid		: 0
initial apicid	: 0
fpu		: yes
fpu_exception	: yes
cpuid level	: 15
wp		: yes
flags		: fpu vme de pse tsc msr pae mce cx8 apic sep mtrr pge mca cmov pat pse36 clflush dts acpi mmx fxsr sse sse2 ss ht tm pbe syscall nx pdpe1gb rdtscp lm constant_tsc arch_perfmon pebs bts rep_good nopl xtopology nonstop_tsc aperfmperf eagerfpu pni pclmulqdq dtes64 monitor ds_cpl vmx smx est tm2 ssse3 sdbg fma cx16 xtpr pdcm pcid dca sse4_1 sse4_2 x2apic movbe popcnt tsc_deadline_timer aes xsave avx f16c rdrand lahf_lm abm epb tpr_shadow vnmi flexpriority ept vpid fsgsbase tsc_adjust bmi1 avx2 smep bmi2 erms invpcid cqm xsaveopt cqm_llc cqm_occup_llc dtherm ida arat pln pts
bugs		:
bogomips	: 6983.85
clflush size	: 64
cache_alignment	: 64
address sizes	: 46 bits physical, 48 bits virtual
power management:

processor	: 1
vendor_id	: GenuineIntel
cpu family	: 6
model		: 63
model name	: Intel(R) Xeon(R) CPU E5-1650 v3 @ 3.50GHz
stepping	: 2
microcode	: 0x3a
cpu MHz		: 2899.394
cache size	: 15360 KB
physical id	: 0
siblings	: 12
core id		: 1
cpu cores	: 6
apicid		: 2
initial apicid	: 2
fpu		: yes
fpu_exception	: yes
cpuid level	: 15
wp		: yes
flags		: fpu vme de pse tsc msr pae mce cx8 apic sep mtrr pge mca cmov pat pse36 clflush dts acpi mmx fxsr sse sse2 ss ht tm pbe syscall nx pdpe1gb rdtscp lm constant_tsc arch_perfmon pebs bts rep_good nopl xtopology nonstop_tsc aperfmperf eagerfpu pni pclmulqdq dtes64 monitor ds_cpl vmx smx est tm2 ssse3 sdbg fma cx16 xtpr pdcm pcid dca sse4_1 sse4_2 x2apic movbe popcnt tsc_deadline_timer aes xsave avx f16c rdrand lahf_lm abm epb tpr_shadow vnmi flexpriority ept vpid fsgsbase tsc_adjust bmi1 avx2 smep bmi2 erms invpcid cqm xsaveopt cqm_llc cqm_occup_llc dtherm ida arat pln pts
bugs		:
bogomips	: 6983.85
clflush size	: 64
cache_alignment	: 64
address sizes	: 46 bits physical, 48 bits virtual
power management:

processor	: 2
vendor_id	: GenuineIntel
cpu family	: 6
model		: 63
model name	: Intel(R) Xeon(R) CPU E5-1650 v3 @ 3.50GHz
stepping	: 2
microcode	: 0x3a
cpu MHz		: 2899.121
cache size	: 15360 KB
physical id	: 0
siblings	: 12
core id		: 2
cpu cores	: 6
apicid		: 4
initial apicid	: 4
fpu		: yes
fpu_exception	: yes
cpuid level	: 15
wp		: yes
flags		: fpu vme de pse tsc msr pae mce cx8 apic sep mtrr pge mca cmov pat pse36 clflush dts acpi mmx fxsr sse sse2 ss ht tm pbe syscall nx pdpe1gb rdtscp lm constant_tsc arch_perfmon pebs bts rep_good nopl xtopology nonstop_tsc aperfmperf eagerfpu pni pclmulqdq dtes64 monitor ds_cpl vmx smx est tm2 ssse3 sdbg fma cx16 xtpr pdcm pcid dca sse4_1 sse4_2 x2apic movbe popcnt tsc_deadline_timer aes xsave avx f16c rdrand lahf_lm abm epb tpr_shadow vnmi flexpriority ept vpid fsgsbase tsc_adjust bmi1 avx2 smep bmi2 erms invpcid cqm xsaveopt cqm_llc cqm_occup_llc dtherm ida arat pln pts
bugs		:
bogomips	: 6983.85
clflush size	: 64
cache_alignment	: 64
address sizes	: 46 bits physical, 48 bits virtual
power management:

processor	: 3
vendor_id	: GenuineIntel
cpu family	: 6
model		: 63
model name	: Intel(R) Xeon(R) CPU E5-1650 v3 @ 3.50GHz
stepping	: 2
microcode	: 0x3a
cpu MHz		: 3090.937
cache size	: 15360 KB
physical id	: 0
siblings	: 12
core id		: 3
cpu cores	: 6
apicid		: 6
initial apicid	: 6
fpu		: yes
fpu_exception	: yes
cpuid level	: 15
wp		: yes
flags		: fpu vme de pse tsc msr pae mce cx8 apic sep mtrr pge mca cmov pat pse36 clflush dts acpi mmx fxsr sse sse2 ss ht tm pbe syscall nx pdpe1gb rdtscp lm constant_tsc arch_perfmon pebs bts rep_good nopl xtopology nonstop_tsc aperfmperf eagerfpu pni pclmulqdq dtes64 monitor ds_cpl vmx smx est tm2 ssse3 sdbg fma cx16 xtpr pdcm pcid dca sse4_1 sse4_2 x2apic movbe popcnt tsc_deadline_timer aes xsave avx f16c rdrand lahf_lm abm epb tpr_shadow vnmi flexpriority ept vpid fsgsbase tsc_adjust bmi1 avx2 smep bmi2 erms invpcid cqm xsaveopt cqm_llc cqm_occup_llc dtherm ida arat pln pts
bugs		:
bogomips	: 6983.85
clflush size	: 64
cache_alignment	: 64
address sizes	: 46 bits physical, 48 bits virtual
power management:

processor	: 4
vendor_id	: GenuineIntel
cpu family	: 6
model		: 63
model name	: Intel(R) Xeon(R) CPU E5-1650 v3 @ 3.50GHz
stepping	: 2
microcode	: 0x3a
cpu MHz		: 3599.941
cache size	: 15360 KB
physical id	: 0
siblings	: 12
core id		: 4
cpu cores	: 6
apicid		: 8
initial apicid	: 8
fpu		: yes
fpu_exception	: yes
cpuid level	: 15
wp		: yes
flags		: fpu vme de pse tsc msr pae mce cx8 apic sep mtrr pge mca cmov pat pse36 clflush dts acpi mmx fxsr sse sse2 ss ht tm pbe syscall nx pdpe1gb rdtscp lm constant_tsc arch_perfmon pebs bts rep_good nopl xtopology nonstop_tsc aperfmperf eagerfpu pni pclmulqdq dtes64 monitor ds_cpl vmx smx est tm2 ssse3 sdbg fma cx16 xtpr pdcm pcid dca sse4_1 sse4_2 x2apic movbe popcnt tsc_deadline_timer aes xsave avx f16c rdrand lahf_lm abm epb tpr_shadow vnmi flexpriority ept vpid fsgsbase tsc_adjust bmi1 avx2 smep bmi2 erms invpcid cqm xsaveopt cqm_llc cqm_occup_llc dtherm ida arat pln pts
bugs		:
bogomips	: 6983.85
clflush size	: 64
cache_alignment	: 64
address sizes	: 46 bits physical, 48 bits virtual
power management:

processor	: 5
vendor_id	: GenuineIntel
cpu family	: 6
model		: 63
model name	: Intel(R) Xeon(R) CPU E5-1650 v3 @ 3.50GHz
stepping	: 2
microcode	: 0x3a
cpu MHz		: 2807.246
cache size	: 15360 KB
physical id	: 0
siblings	: 12
core id		: 5
cpu cores	: 6
apicid		: 10
initial apicid	: 10
fpu		: yes
fpu_exception	: yes
cpuid level	: 15
wp		: yes
flags		: fpu vme de pse tsc msr pae mce cx8 apic sep mtrr pge mca cmov pat pse36 clflush dts acpi mmx fxsr sse sse2 ss ht tm pbe syscall nx pdpe1gb rdtscp lm constant_tsc arch_perfmon pebs bts rep_good nopl xtopology nonstop_tsc aperfmperf eagerfpu pni pclmulqdq dtes64 monitor ds_cpl vmx smx est tm2 ssse3 sdbg fma cx16 xtpr pdcm pcid dca sse4_1 sse4_2 x2apic movbe popcnt tsc_deadline_timer aes xsave avx f16c rdrand lahf_lm abm epb tpr_shadow vnmi flexpriority ept vpid fsgsbase tsc_adjust bmi1 avx2 smep bmi2 erms invpcid cqm xsaveopt cqm_llc cqm_occup_llc dtherm ida arat pln pts
bugs		:
bogomips	: 6983.85
clflush size	: 64
cache_alignment	: 64
address sizes	: 46 bits physical, 48 bits virtual
power management:

processor	: 6
vendor_id	: GenuineIntel
cpu family	: 6
model		: 63
model name	: Intel(R) Xeon(R) CPU E5-1650 v3 @ 3.50GHz
stepping	: 2
microcode	: 0x3a
cpu MHz		: 2570.039
cache size	: 15360 KB
physical id	: 0
siblings	: 12
core id		: 0
cpu cores	: 6
apicid		: 1
initial apicid	: 1
fpu		: yes
fpu_exception	: yes
cpuid level	: 15
wp		: yes
flags		: fpu vme de pse tsc msr pae mce cx8 apic sep mtrr pge mca cmov pat pse36 clflush dts acpi mmx fxsr sse sse2 ss ht tm pbe syscall nx pdpe1gb rdtscp lm constant_tsc arch_perfmon pebs bts rep_good nopl xtopology nonstop_tsc aperfmperf eagerfpu pni pclmulqdq dtes64 monitor ds_cpl vmx smx est tm2 ssse3 sdbg fma cx16 xtpr pdcm pcid dca sse4_1 sse4_2 x2apic movbe popcnt tsc_deadline_timer aes xsave avx f16c rdrand lahf_lm abm epb tpr_shadow vnmi flexpriority ept vpid fsgsbase tsc_adjust bmi1 avx2 smep bmi2 erms invpcid cqm xsaveopt cqm_llc cqm_occup_llc dtherm ida arat pln pts
bugs		:
bogomips	: 6983.85
clflush size	: 64
cache_alignment	: 64
address sizes	: 46 bits physical, 48 bits virtual
power management:

processor	: 7
vendor_id	: GenuineIntel
cpu family	: 6
model		: 63
model name	: Intel(R) Xeon(R) CPU E5-1650 v3 @ 3.50GHz
stepping	: 2
microcode	: 0x3a
cpu MHz		: 2899.667
cache size	: 15360 KB
physical id	: 0
siblings	: 12
core id		: 1
cpu cores	: 6
apicid		: 3
initial apicid	: 3
fpu		: yes
fpu_exception	: yes
cpuid level	: 15
wp		: yes
flags		: fpu vme de pse tsc msr pae mce cx8 apic sep mtrr pge mca cmov pat pse36 clflush dts acpi mmx fxsr sse sse2 ss ht tm pbe syscall nx pdpe1gb rdtscp lm constant_tsc arch_perfmon pebs bts rep_good nopl xtopology nonstop_tsc aperfmperf eagerfpu pni pclmulqdq dtes64 monitor ds_cpl vmx smx est tm2 ssse3 sdbg fma cx16 xtpr pdcm pcid dca sse4_1 sse4_2 x2apic movbe popcnt tsc_deadline_timer aes xsave avx f16c rdrand lahf_lm abm epb tpr_shadow vnmi flexpriority ept vpid fsgsbase tsc_adjust bmi1 avx2 smep bmi2 erms invpcid cqm xsaveopt cqm_llc cqm_occup_llc dtherm ida arat pln pts
bugs		:
bogomips	: 6983.85
clflush size	: 64
cache_alignment	: 64
address sizes	: 46 bits physical, 48 bits virtual
power management:

processor	: 8
vendor_id	: GenuineIntel
cpu family	: 6
model		: 63
model name	: Intel(R) Xeon(R) CPU E5-1650 v3 @ 3.50GHz
stepping	: 2
microcode	: 0x3a
cpu MHz		: 2898.574
cache size	: 15360 KB
physical id	: 0
siblings	: 12
core id		: 2
cpu cores	: 6
apicid		: 5
initial apicid	: 5
fpu		: yes
fpu_exception	: yes
cpuid level	: 15
wp		: yes
flags		: fpu vme de pse tsc msr pae mce cx8 apic sep mtrr pge mca cmov pat pse36 clflush dts acpi mmx fxsr sse sse2 ss ht tm pbe syscall nx pdpe1gb rdtscp lm constant_tsc arch_perfmon pebs bts rep_good nopl xtopology nonstop_tsc aperfmperf eagerfpu pni pclmulqdq dtes64 monitor ds_cpl vmx smx est tm2 ssse3 sdbg fma cx16 xtpr pdcm pcid dca sse4_1 sse4_2 x2apic movbe popcnt tsc_deadline_timer aes xsave avx f16c rdrand lahf_lm abm epb tpr_shadow vnmi flexpriority ept vpid fsgsbase tsc_adjust bmi1 avx2 smep bmi2 erms invpcid cqm xsaveopt cqm_llc cqm_occup_llc dtherm ida arat pln pts
bugs		:
bogomips	: 6983.85
clflush size	: 64
cache_alignment	: 64
address sizes	: 46 bits physical, 48 bits virtual
power management:

processor	: 9
vendor_id	: GenuineIntel
cpu family	: 6
model		: 63
model name	: Intel(R) Xeon(R) CPU E5-1650 v3 @ 3.50GHz
stepping	: 2
microcode	: 0x3a
cpu MHz		: 2999.882
cache size	: 15360 KB
physical id	: 0
siblings	: 12
core id		: 3
cpu cores	: 6
apicid		: 7
initial apicid	: 7
fpu		: yes
fpu_exception	: yes
cpuid level	: 15
wp		: yes
flags		: fpu vme de pse tsc msr pae mce cx8 apic sep mtrr pge mca cmov pat pse36 clflush dts acpi mmx fxsr sse sse2 ss ht tm pbe syscall nx pdpe1gb rdtscp lm constant_tsc arch_perfmon pebs bts rep_good nopl xtopology nonstop_tsc aperfmperf eagerfpu pni pclmulqdq dtes64 monitor ds_cpl vmx smx est tm2 ssse3 sdbg fma cx16 xtpr pdcm pcid dca sse4_1 sse4_2 x2apic movbe popcnt tsc_deadline_timer aes xsave avx f16c rdrand lahf_lm abm epb tpr_shadow vnmi flexpriority ept vpid fsgsbase tsc_adjust bmi1 avx2 smep bmi2 erms invpcid cqm xsaveopt cqm_llc cqm_occup_llc dtherm ida arat pln pts
bugs		:
bogomips	: 6983.85
clflush size	: 64
cache_alignment	: 64
address sizes	: 46 bits physical, 48 bits virtual
power management:

processor	: 10
vendor_id	: GenuineIntel
cpu family	: 6
model		: 63
model name	: Intel(R) Xeon(R) CPU E5-1650 v3 @ 3.50GHz
stepping	: 2
microcode	: 0x3a
cpu MHz		: 3599.804
cache size	: 15360 KB
physical id	: 0
siblings	: 12
core id		: 4
cpu cores	: 6
apicid		: 9
initial apicid	: 9
fpu		: yes
fpu_exception	: yes
cpuid level	: 15
wp		: yes
flags		: fpu vme de pse tsc msr pae mce cx8 apic sep mtrr pge mca cmov pat pse36 clflush dts acpi mmx fxsr sse sse2 ss ht tm pbe syscall nx pdpe1gb rdtscp lm constant_tsc arch_perfmon pebs bts rep_good nopl xtopology nonstop_tsc aperfmperf eagerfpu pni pclmulqdq dtes64 monitor ds_cpl vmx smx est tm2 ssse3 sdbg fma cx16 xtpr pdcm pcid dca sse4_1 sse4_2 x2apic movbe popcnt tsc_deadline_timer aes xsave avx f16c rdrand lahf_lm abm epb tpr_shadow vnmi flexpriority ept vpid fsgsbase tsc_adjust bmi1 avx2 smep bmi2 erms invpcid cqm xsaveopt cqm_llc cqm_occup_llc dtherm ida arat pln pts
bugs		:
bogomips	: 6983.85
clflush size	: 64
cache_alignment	: 64
address sizes	: 46 bits physical, 48 bits virtual
power management:

processor	: 11
vendor_id	: GenuineIntel
cpu family	: 6
model		: 63
model name	: Intel(R) Xeon(R) CPU E5-1650 v3 @ 3.50GHz
stepping	: 2
microcode	: 0x3a
cpu MHz		: 2894.335
cache size	: 15360 KB
physical id	: 0
siblings	: 12
core id		: 5
cpu cores	: 6
apicid		: 11
initial apicid	: 11
fpu		: yes
fpu_exception	: yes
cpuid level	: 15
wp		: yes
flags		: fpu vme de pse tsc msr pae mce cx8 apic sep mtrr pge mca cmov pat pse36 clflush dts acpi mmx fxsr sse sse2 ss ht tm pbe syscall nx pdpe1gb rdtscp lm constant_tsc arch_perfmon pebs bts rep_good nopl xtopology nonstop_tsc aperfmperf eagerfpu pni pclmulqdq dtes64 monitor ds_cpl vmx smx est tm2 ssse3 sdbg fma cx16 xtpr pdcm pcid dca sse4_1 sse4_2 x2apic movbe popcnt tsc_deadline_timer aes xsave avx f16c rdrand lahf_lm abm epb tpr_shadow vnmi flexpriority ept vpid fsgsbase tsc_adjust bmi1 avx2 smep bmi2 erms invpcid cqm xsaveopt cqm_llc cqm_occup_llc dtherm ida arat pln pts
bugs		:
bogomips	: 6983.85
clflush size	: 64
cache_alignment	: 64
address sizes	: 46 bits physical, 48 bits virtual
power management:



Memory: 4k page, physical 65865768k(15275028k free), swap 33472508k(33201260k free)

vm_info: OpenJDK 64-Bit Server VM (25.112-b01) for linux-amd64 JRE (1.8.0_112-google-v7-165109754-164986162), built on Aug 13 2017 05:07:58 by "java-platform" with gcc 4.9.x-google

time: Thu Sep 14 15:18:01 2017
elapsed time: 2 seconds (0d 0h 0m 2s)

